0 info it worked if it ends with ok
1 verbose cli [ 'C:\\Program Files\\nodejs\\node.exe',
1 verbose cli   'C:\\Program Files\\nodejs\\node_modules\\npm\\bin\\npm-cli.js',
1 verbose cli   'install',
1 verbose cli   'git' ]
2 info using npm@3.3.12
3 info using node@v5.1.0
4 silly loadCurrentTree Starting
5 silly install loadCurrentTree
6 silly install readLocalPackageData
7 silly fetchPackageMetaData git
8 silly fetchNamedPackageData git
9 silly mapToRegistry name git
10 silly mapToRegistry using default registry
11 silly mapToRegistry registry https://registry.npmjs.org/
12 silly mapToRegistry uri https://registry.npmjs.org/git
13 verbose request uri https://registry.npmjs.org/git
14 verbose request no auth needed
15 info attempt registry request try #1 at 17:01:48
16 verbose request id 2b5521c7ddab1f21
17 http request GET https://registry.npmjs.org/git
18 info retry will retry, error on last attempt: Error: self signed certificate in certificate chain
19 info attempt registry request try #2 at 17:01:59
20 http request GET https://registry.npmjs.org/git
21 info retry will retry, error on last attempt: Error: self signed certificate in certificate chain
22 info attempt registry request try #3 at 17:02:59
23 http request GET https://registry.npmjs.org/git
24 silly fetchPackageMetaData Error: self signed certificate in certificate chain
24 silly fetchPackageMetaData     at Error (native)
24 silly fetchPackageMetaData     at TLSSocket.<anonymous> (_tls_wrap.js:1057:38)
24 silly fetchPackageMetaData     at emitNone (events.js:67:13)
24 silly fetchPackageMetaData     at TLSSocket.emit (events.js:166:7)
24 silly fetchPackageMetaData     at TLSSocket._finishInit (_tls_wrap.js:596:8)
24 silly fetchPackageMetaData  error for git { [Error: self signed certificate in certificate chain] code: 'SELF_SIGNED_CERT_IN_CHAIN' }
25 silly rollbackFailedOptional Starting
26 silly rollbackFailedOptional Finishing
27 silly runTopLevelLifecycles Starting
28 silly runTopLevelLifecycles Finishing
29 silly install printInstalled
30 verbose stack Error: self signed certificate in certificate chain
30 verbose stack     at Error (native)
30 verbose stack     at TLSSocket.<anonymous> (_tls_wrap.js:1057:38)
30 verbose stack     at emitNone (events.js:67:13)
30 verbose stack     at TLSSocket.emit (events.js:166:7)
30 verbose stack     at TLSSocket._finishInit (_tls_wrap.js:596:8)
31 verbose cwd C:\AppServ\www\DEV\channel-mgt
32 error Windows_NT 6.1.7601
33 error argv "C:\\Program Files\\nodejs\\node.exe" "C:\\Program Files\\nodejs\\node_modules\\npm\\bin\\npm-cli.js" "install" "git"
34 error node v5.1.0
35 error npm  v3.3.12
36 error code SELF_SIGNED_CERT_IN_CHAIN
37 error self signed certificate in certificate chain
38 error If you need help, you may report this error at:
38 error     <https://github.com/npm/npm/issues>
39 verbose exit [ 1, true ]
